CFG for function "main"
Map(1) {
  "START" => Set(1) {
    [
      { args: [ "num" ], dest: "v0", op: "id", type: "float" },
      { args: [ "precision" ], dest: "v1", op: "id", type: "float" },
      {
        args: [ "v0", "v1" ],
        dest: "x",
        funcs: [ "rsqrt" ],
        op: "call",
        type: "float"
      },
      { args: [ "x" ], op: "print" }
    ]
  }
}
CFG for function "rsqrt"
Map(4) {
  "START" => Set(1) {
    [
      { args: [ "num" ], dest: "v0", op: "id", type: "float" },
      { args: [ "precision" ], dest: "v1", op: "id", type: "float" },
      { dest: "half", op: "const", type: "float", value: 0.5 },
      { dest: "one", op: "const", type: "float", value: 1 },
      { args: [ "v0", "half" ], dest: "x2", op: "fmul", type: "float" },
      { args: [ "v0" ], dest: "y", op: "id", type: "float" },
      {
        args: [ "one", "v0" ],
        dest: "newy",
        op: "fdiv",
        type: "float"
      }
    ]
  },
  [
    { args: [ "num" ], dest: "v0", op: "id", type: "float" },
    { args: [ "precision" ], dest: "v1", op: "id", type: "float" },
    { dest: "half", op: "const", type: "float", value: 0.5 },
    { dest: "one", op: "const", type: "float", value: 1 },
    { args: [ "v0", "half" ], dest: "x2", op: "fmul", type: "float" },
    { args: [ "v0" ], dest: "y", op: "id", type: "float" },
    { args: [ "one", "v0" ], dest: "newy", op: "fdiv", type: "float" }
  ] => Set(1) {
    [
      {
        args: [ "newy", "y" ],
        dest: "diff",
        funcs: [ "absdiff" ],
        op: "call",
        type: "float"
      },
      { args: [ "diff", "v1" ], dest: "done", op: "flt", type: "bool" },
      { args: [ "done" ], labels: [ "break", "continue" ], op: "br" }
    ]
  },
  [
    {
      args: [ "newy", "y" ],
      dest: "diff",
      funcs: [ "absdiff" ],
      op: "call",
      type: "float"
    },
    { args: [ "diff", "v1" ], dest: "done", op: "flt", type: "bool" },
    { args: [ "done" ], labels: [ "break", "continue" ], op: "br" }
  ] => Set(2) {
    [ { args: [ "newy" ], op: "ret" } ],
    [
      { args: [ "newy" ], dest: "y", op: "id", type: "float" },
      {
        args: [ "x2", "y" ],
        dest: "newy",
        funcs: [ "onestep" ],
        op: "call",
        type: "float"
      },
      { labels: [ "onestep" ], op: "jmp" }
    ]
  },
  [
    { args: [ "newy" ], dest: "y", op: "id", type: "float" },
    {
      args: [ "x2", "y" ],
      dest: "newy",
      funcs: [ "onestep" ],
      op: "call",
      type: "float"
    },
    { labels: [ "onestep" ], op: "jmp" }
  ] => Set(1) {
    [
      {
        args: [ "newy", "y" ],
        dest: "diff",
        funcs: [ "absdiff" ],
        op: "call",
        type: "float"
      },
      { args: [ "diff", "v1" ], dest: "done", op: "flt", type: "bool" },
      { args: [ "done" ], labels: [ "break", "continue" ], op: "br" }
    ]
  }
}
CFG for function "onestep"
Map(5) {
  "START" => Set(1) {
    [
      { dest: "threehalfs", op: "const", type: "float", value: 1.5 },
      { args: [ "num" ], dest: "y", op: "id", type: "float" },
      { args: [ "y", "y" ], dest: "y2", op: "fmul", type: "float" },
      { args: [ "x2", "y2" ], dest: "x2y2", op: "fmul", type: "float" },
      {
        args: [ "threehalfs", "x2y2" ],
        dest: "diff",
        op: "fsub",
        type: "float"
      }
    ]
  },
  [
    { dest: "threehalfs", op: "const", type: "float", value: 1.5 },
    { args: [ "num" ], dest: "y", op: "id", type: "float" },
    { args: [ "y", "y" ], dest: "y2", op: "fmul", type: "float" },
    { args: [ "x2", "y2" ], dest: "x2y2", op: "fmul", type: "float" },
    {
      args: [ "threehalfs", "x2y2" ],
      dest: "diff",
      op: "fsub",
      type: "float"
    }
  ] => Set(1) { [] },
  [] => Set(1) { [] },
  [] => Set(1) { [] },
  [] => Set(1) {
    [
      {
        args: [ "y", "diff" ],
        dest: "finaly",
        op: "fmul",
        type: "float"
      },
      { args: [ "finaly" ], op: "ret" }
    ]
  }
}
CFG for function "absdiff"
Map(2) {
  "START" => Set(1) {
    [
      {
        args: [ "a", "b" ],
        dest: "firstsmall",
        op: "flt",
        type: "bool"
      },
      {
        args: [ "firstsmall" ],
        labels: [ "bminusa", "aminusb" ],
        op: "br"
      }
    ]
  },
  [
    { args: [ "a", "b" ], dest: "firstsmall", op: "flt", type: "bool" },
    {
      args: [ "firstsmall" ],
      labels: [ "bminusa", "aminusb" ],
      op: "br"
    }
  ] => Set(2) {
    [
      { args: [ "b", "a" ], dest: "z", op: "fsub", type: "float" },
      { args: [ "z" ], op: "ret" }
    ],
    [
      { args: [ "a", "b" ], dest: "y", op: "fsub", type: "float" },
      { args: [ "y" ], op: "ret" }
    ]
  }
}
